#
# A fatal error has been detected by the Java Runtime Environment:
#
#  EXCEPTION_ACCESS_VIOLATION (0xc0000005) at pc=0x000000003dd51066, pid=36492, tid=0x0000000000008a14
#
# JRE version: Java(TM) SE Runtime Environment (8.0_241-b07) (build 1.8.0_241-b07)
# Java VM: Java HotSpot(TM) 64-Bit Server VM (25.241-b07 mixed mode windows-amd64 compressed oops)
# Problematic frame:
# C  [OpenAL64.dll+0x11066]
#
# Failed to write core dump. Minidumps are not enabled by default on client versions of Windows
#
# If you would like to submit a bug report, please visit:
#   http://bugreport.java.com/bugreport/crash.jsp
# The crash happened outside the Java Virtual Machine in native code.
# See problematic frame for where to report the bug.
#

---------------  T H R E A D  ---------------

Current thread (0x000000001c102800):  JavaThread "Thread-8" [_thread_in_native, id=35348, stack(0x000000003db40000,0x000000003dc40000)]

siginfo: ExceptionCode=0xc0000005, reading address 0x000000003533d004

Registers:
RAX=0x0000000000000001, RBX=0x000000003e1f0090, RCX=0x000000003533d008, RDX=0x000000003533d004
RSP=0x000000003dc3f200, RBP=0x00000000000000ff, RSI=0x00000000353304fc, RDI=0x0000000000000000
R8 =0x00000000000032c2, R9 =0x00000000353304fc, R10=0x00000000031e8c3b, R11=0x000000006c44cfe0
R12=0x0000000000000001, R13=0x000000003de89160, R14=0x000000003dc3f398, R15=0x000000001c102800
RIP=0x000000003dd51066, EFLAGS=0x0000000000010202

Top of Stack: (sp=0x000000003dc3f200)
0x000000003dc3f200:   0000000000000000 000000006c2ee07b
0x000000003dc3f210:   000000001c102800 000000001c102800
0x000000003dc3f220:   000000003de89160 0000000000000000
0x000000003dc3f230:   000000001c102800 000000003532ef80
0x000000003dc3f240:   000000003de89160 000000003dc3f398
0x000000003dc3f250:   000000001f6af400 000000006c2dc406
0x000000003dc3f260:   000000003dc3fa08 000000001a2eec90
0x000000003dc3f270:   000000001c102800 000000003dc3f398
0x000000003dc3f280:   000000003de89160 0000000000000000
0x000000003dc3f290:   00000000353304fc 0000000081a33318
0x000000003dc3f2a0:   000000003dc3f360 000000003dd5248f
0x000000003dc3f2b0:   000000003e1f0090 000000003e1f0090
0x000000003dc3f2c0:   000000000000ac44 0000000000000001
0x000000003dc3f2d0:   0000000000000010 00000000031e8c67
0x000000003dc3f2e0:   000000003de89160 00000000031e899d
0x000000003dc3f2f0:   000000001c102800 000000003de89160 

Instructions: (pc=0x000000003dd51066)
0x000000003dd51046:   41 2b ec 81 3a 03 00 02 00 75 09 8b 01 89 84 24
0x000000003dd51056:   c8 00 00 00 49 83 c0 02 48 83 c1 08 4a 8d 14 86
0x000000003dd51066:   39 3a 75 af 4c 8d 84 24 c0 00 00 00 48 8d 15 d7
0x000000003dd51076:   2b 03 00 33 c9 e8 58 5f 00 00 b8 40 1f 00 00 4c 


Register to memory mapping:

RAX=0x0000000000000001 is an unknown value
RBX=0x000000003e1f0090 is an unknown value
RCX=0x000000003533d008 is an unknown value
RDX=0x000000003533d004 is an unknown value
RSP=0x000000003dc3f200 is pointing into the stack for thread: 0x000000001c102800
RBP=0x00000000000000ff is an unknown value
RSI=0x00000000353304fc is an unknown value
RDI=0x0000000000000000 is an unknown value
R8 =0x00000000000032c2 is an unknown value
R9 =0x00000000353304fc is an unknown value
R10=0x00000000031e8c3b is at code_begin+891 in an Interpreter codelet
method entry point (kind = native)  [0x00000000031e88c0, 0x00000000031e9280]  2496 bytes
R11=0x000000006c44cfe0 is an unknown value
R12=0x0000000000000001 is an unknown value
R13={method} {0x000000003de89168} 'nalcCreateContext' '(JJ)J' in 'org/lwjgl/openal/ALC10'
R14=0x000000003dc3f398 is pointing into the stack for thread: 0x000000001c102800
R15=0x000000001c102800 is a thread


Stack: [0x000000003db40000,0x000000003dc40000],  sp=0x000000003dc3f200,  free space=1020k
Native frames: (J=compiled Java code, j=interpreted, Vv=VM code, C=native code)
C  [OpenAL64.dll+0x11066]
C  [OpenAL64.dll+0x1248f]
C  0x00000000031e8c67

Java frames: (J=compiled Java code, j=interpreted, Vv=VM code)
j  org.lwjgl.openal.ALC10.nalcCreateContext(JJ)J+0
j  org.lwjgl.openal.ALC10.alcCreateContext(Lorg/lwjgl/openal/ALCdevice;Ljava/nio/IntBuffer;)Lorg/lwjgl/openal/ALCcontext;+8
j  org.lwjgl.openal.AL.init(Ljava/lang/String;IIZZ)V+69
j  org.lwjgl.openal.AL.create(Ljava/lang/String;IIZZ)V+227
j  org.lwjgl.openal.AL.create(Ljava/lang/String;IIZ)V+5
j  org.lwjgl.openal.AL.create()V+6
j  paulscode.sound.libraries.LibraryLWJGLOpenAL.init()V+2
j  paulscode.sound.SoundSystem.CommandNewLibrary(Ljava/lang/Class;)V+273
j  paulscode.sound.SoundSystem.CommandQueue(Lpaulscode/sound/CommandObject;)Z+1206
j  paulscode.sound.CommandThread.run()V+51
v  ~StubRoutines::call_stub

---------------  P R O C E S S  ---------------

Java Threads: ( => current thread )
  0x000000001c106800 JavaThread "Thread-9" [_thread_blocked, id=33836, stack(0x000000003dc40000,0x000000003dd40000)]
=>0x000000001c102800 JavaThread "Thread-8" [_thread_in_native, id=35348, stack(0x000000003db40000,0x000000003dc40000)]
  0x000000001c107000 JavaThread "Sound Library Loader" [_thread_blocked, id=27272, stack(0x000000003d940000,0x000000003da40000)]
  0x000000001c105800 JavaThread "Keep-Alive-Timer" daemon [_thread_blocked, id=37664, stack(0x000000003da40000,0x000000003db40000)]
  0x000000001c102000 JavaThread "LWJGL Timer" daemon [_thread_blocked, id=12308, stack(0x000000002bc70000,0x000000002bd70000)]
  0x000000001c104000 JavaThread "Thread-6" [_thread_in_vm, id=9968, stack(0x000000002bd80000,0x000000002be80000)]
  0x000000001c105000 JavaThread "Java2D Disposer" daemon [_thread_blocked, id=27056, stack(0x000000001f9c0000,0x000000001fac0000)]
  0x000000001c103800 JavaThread "Timer hack thread" daemon [_thread_blocked, id=664, stack(0x0000000021150000,0x0000000021250000)]
  0x000000001bfbd800 JavaThread "Snooper Timer" daemon [_thread_blocked, id=41548, stack(0x000000001f750000,0x000000001f850000)]
  0x000000001ad78800 JavaThread "Service Thread" daemon [_thread_blocked, id=24996, stack(0x000000001b550000,0x000000001b650000)]
  0x000000001a2c0800 JavaThread "C1 CompilerThread3" daemon [_thread_blocked, id=38548, stack(0x000000001ac50000,0x000000001ad50000)]
  0x000000001a2be800 JavaThread "C2 CompilerThread2" daemon [_thread_blocked, id=35692, stack(0x000000001ab50000,0x000000001ac50000)]
  0x000000001a2bc000 JavaThread "C2 CompilerThread1" daemon [_thread_in_native, id=39984, stack(0x000000001aa50000,0x000000001ab50000)]
  0x000000001a2b9000 JavaThread "C2 CompilerThread0" daemon [_thread_in_native, id=41064, stack(0x000000001a950000,0x000000001aa50000)]
  0x000000001a266000 JavaThread "Monitor Ctrl-Break" daemon [_thread_in_native, id=23020, stack(0x000000001a850000,0x000000001a950000)]
  0x0000000019f8c800 JavaThread "Attach Listener" daemon [_thread_blocked, id=38372, stack(0x000000001a750000,0x000000001a850000)]
  0x0000000019f89000 JavaThread "Signal Dispatcher" daemon [_thread_blocked, id=36744, stack(0x000000001a650000,0x000000001a750000)]
  0x00000000031cd000 JavaThread "Finalizer" daemon [_thread_blocked, id=37952, stack(0x000000001a450000,0x000000001a550000)]
  0x0000000019f70800 JavaThread "Reference Handler" daemon [_thread_blocked, id=7916, stack(0x000000001a350000,0x000000001a450000)]
  0x00000000030d7800 JavaThread "Client thread" [_thread_in_native, id=8888, stack(0x0000000002e60000,0x0000000002f60000)]

Other Threads:
  0x0000000018189800 VMThread [stack: 0x0000000019e50000,0x0000000019f50000] [id=21464]
  0x000000001a2ff800 WatcherThread [stack: 0x000000001b650000,0x000000001b750000] [id=38144]

VM state:not at safepoint (normal execution)

VM Mutex/Monitor currently owned by a thread: None

heap address: 0x0000000081a00000, size: 2022 MB, Compressed Oops mode: 32-bit
Narrow klass base: 0x0000000000000000, Narrow klass shift: 3
Compressed class space size: 1073741824 Address: 0x0000000100000000

Heap:
 PSYoungGen      total 442880K, used 384525K [0x00000000d5e00000, 0x00000000f6180000, 0x0000000100000000)
  eden space 384000K, 87% used [0x00000000d5e00000,0x00000000ea4fb8e0,0x00000000ed500000)
  from space 58880K, 84% used [0x00000000f1580000,0x00000000f4607ef8,0x00000000f4f00000)
  to   space 66048K, 0% used [0x00000000ed500000,0x00000000ed500000,0x00000000f1580000)
 ParOldGen       total 217088K, used 155838K [0x0000000081a00000, 0x000000008ee00000, 0x00000000d5e00000)
  object space 217088K, 71% used [0x0000000081a00000,0x000000008b22f998,0x000000008ee00000)
 Metaspace       used 30710K, capacity 30989K, committed 31360K, reserved 1077248K
  class space    used 3844K, capacity 3931K, committed 3968K, reserved 1048576K

Card table byte_map: [0x0000000012590000,0x0000000012990000] byte_map_base: 0x0000000012183000

Marking Bits: (ParMarkBitMap*) 0x000000006ca4be30
 Begin Bits: [0x0000000013440000, 0x00000000153d8000)
 End Bits:   [0x00000000153d8000, 0x0000000017370000)

Polling page: 0x0000000002dd0000

CodeCache: size=245760Kb used=13988Kb max_used=14031Kb free=231771Kb
 bounds [0x00000000031d0000, 0x0000000003fa0000, 0x00000000121d0000]
 total_blobs=4249 nmethods=3595 adapters=565
 compilation: enabled

Compilation events (10 events):
Event: 24.916 Thread 0x000000001a2be800 4726       4       sun.net.www.protocol.file.Handler::parseURL (18 bytes)
Event: 24.927 Thread 0x000000001a2be800 nmethod 4726 0x0000000003a9ba90 code [0x0000000003a9bc00, 0x0000000003a9c0c8]
Event: 24.927 Thread 0x000000001a2be800 4727       4       org.objectweb.asm.commons.RemappingMethodAdapter::visitFieldInsn (34 bytes)
Event: 24.933 Thread 0x000000001a2be800 nmethod 4727 0x00000000039ad390 code [0x00000000039ad520, 0x00000000039ad810]
Event: 24.945 Thread 0x000000001a2c0800 4728       3       sun.reflect.NativeMethodAccessorImpl::invoke (104 bytes)
Event: 24.947 Thread 0x000000001a2c0800 nmethod 4728 0x0000000003bf6190 code [0x0000000003bf6400, 0x0000000003bf7898]
Event: 24.947 Thread 0x000000001a2c0800 4730       3       net.minecraft.client.resources.FileResourcePack::getResourcePackZipFile (27 bytes)
Event: 24.948 Thread 0x000000001a2c0800 nmethod 4730 0x00000000038b6950 code [0x00000000038b6ac0, 0x00000000038b6de8]
Event: 24.965 Thread 0x000000001a2c0800 4731   !   3       net.minecraft.client.resources.FileResourcePack::hasResourceName (20 bytes)
Event: 24.966 Thread 0x000000001a2c0800 nmethod 4731 0x0000000003bf5890 code [0x0000000003bf5a20, 0x0000000003bf5f18]

GC Heap History (10 events):
Event: 15.631 GC heap before
{Heap before GC invocations=21 (full 2):
 PSYoungGen      total 290816K, used 290693K [0x00000000d5e00000, 0x00000000eea00000, 0x0000000100000000)
  eden space 281088K, 100% used [0x00000000d5e00000,0x00000000e7080000,0x00000000e7080000)
  from space 9728K, 98% used [0x00000000ee080000,0x00000000ee9e1770,0x00000000eea00000)
  to   space 17920K, 0% used [0x00000000ec700000,0x00000000ec700000,0x00000000ed880000)
 ParOldGen       total 115712K, used 54094K [0x0000000081a00000, 0x0000000088b00000, 0x00000000d5e00000)
  object space 115712K, 46% used [0x0000000081a00000,0x0000000084ed3990,0x0000000088b00000)
 Metaspace       used 26012K, capacity 26283K, committed 26624K, reserved 1073152K
  class space    used 3147K, capacity 3243K, committed 3328K, reserved 1048576K
Event: 15.646 GC heap after
Heap after GC invocations=21 (full 2):
 PSYoungGen      total 347136K, used 17899K [0x00000000d5e00000, 0x00000000ee100000, 0x0000000100000000)
  eden space 329216K, 0% used [0x00000000d5e00000,0x00000000d5e00000,0x00000000e9f80000)
  from space 17920K, 99% used [0x00000000ec700000,0x00000000ed87ad98,0x00000000ed880000)
  to   space 8704K, 0% used [0x00000000ed880000,0x00000000ed880000,0x00000000ee100000)
 ParOldGen       total 115712K, used 57666K [0x0000000081a00000, 0x0000000088b00000, 0x00000000d5e00000)
  object space 115712K, 49% used [0x0000000081a00000,0x0000000085250a38,0x0000000088b00000)
 Metaspace       used 26012K, capacity 26283K, committed 26624K, reserved 1073152K
  class space    used 3147K, capacity 3243K, committed 3328K, reserved 1048576K
}
Event: 18.037 GC heap before
{Heap before GC invocations=22 (full 2):
 PSYoungGen      total 347136K, used 347115K [0x00000000d5e00000, 0x00000000ee100000, 0x0000000100000000)
  eden space 329216K, 100% used [0x00000000d5e00000,0x00000000e9f80000,0x00000000e9f80000)
  from space 17920K, 99% used [0x00000000ec700000,0x00000000ed87ad98,0x00000000ed880000)
  to   space 8704K, 0% used [0x00000000ed880000,0x00000000ed880000,0x00000000ee100000)
 ParOldGen       total 115712K, used 57666K [0x0000000081a00000, 0x0000000088b00000, 0x00000000d5e00000)
  object space 115712K, 49% used [0x0000000081a00000,0x0000000085250a38,0x0000000088b00000)
 Metaspace       used 26806K, capacity 27057K, committed 27392K, reserved 1073152K
  class space    used 3217K, capacity 3308K, committed 3328K, reserved 1048576K
Event: 18.071 GC heap after
Heap after GC invocations=22 (full 2):
 PSYoungGen      total 358400K, used 8698K [0x00000000d5e00000, 0x00000000f2380000, 0x0000000100000000)
  eden space 349696K, 0% used [0x00000000d5e00000,0x00000000d5e00000,0x00000000eb380000)
  from space 8704K, 99% used [0x00000000ed880000,0x00000000ee0fe9a8,0x00000000ee100000)
  to   space 37888K, 0% used [0x00000000eb380000,0x00000000eb380000,0x00000000ed880000)
 ParOldGen       total 115712K, used 103067K [0x0000000081a00000, 0x0000000088b00000, 0x00000000d5e00000)
  object space 115712K, 89% used [0x0000000081a00000,0x0000000087ea6fb0,0x0000000088b00000)
 Metaspace       used 26806K, capacity 27057K, committed 27392K, reserved 1073152K
  class space    used 3217K, capacity 3308K, committed 3328K, reserved 1048576K
}
Event: 18.071 GC heap before
{Heap before GC invocations=23 (full 3):
 PSYoungGen      total 358400K, used 8698K [0x00000000d5e00000, 0x00000000f2380000, 0x0000000100000000)
  eden space 349696K, 0% used [0x00000000d5e00000,0x00000000d5e00000,0x00000000eb380000)
  from space 8704K, 99% used [0x00000000ed880000,0x00000000ee0fe9a8,0x00000000ee100000)
  to   space 37888K, 0% used [0x00000000eb380000,0x00000000eb380000,0x00000000ed880000)
 ParOldGen       total 115712K, used 103067K [0x0000000081a00000, 0x0000000088b00000, 0x00000000d5e00000)
  object space 115712K, 89% used [0x0000000081a00000,0x0000000087ea6fb0,0x0000000088b00000)
 Metaspace       used 26806K, capacity 27057K, committed 27392K, reserved 1073152K
  class space    used 3217K, capacity 3308K, committed 3328K, reserved 1048576K
Event: 18.413 GC heap after
Heap after GC invocations=23 (full 3):
 PSYoungGen      total 358400K, used 0K [0x00000000d5e00000, 0x00000000f2380000, 0x0000000100000000)
  eden space 349696K, 0% used [0x00000000d5e00000,0x00000000d5e00000,0x00000000eb380000)
  from space 8704K, 0% used [0x00000000ed880000,0x00000000ed880000,0x00000000ee100000)
  to   space 37888K, 0% used [0x00000000eb380000,0x00000000eb380000,0x00000000ed880000)
 ParOldGen       total 217088K, used 105687K [0x0000000081a00000, 0x000000008ee00000, 0x00000000d5e00000)
  object space 217088K, 48% used [0x0000000081a00000,0x0000000088135d18,0x000000008ee00000)
 Metaspace       used 26806K, capacity 27057K, committed 27392K, reserved 1073152K
  class space    used 3217K, capacity 3308K, committed 3328K, reserved 1048576K
}
Event: 21.059 GC heap before
{Heap before GC invocations=24 (full 3):
 PSYoungGen      total 358400K, used 349696K [0x00000000d5e00000, 0x00000000f2380000, 0x0000000100000000)
  eden space 349696K, 100% used [0x00000000d5e00000,0x00000000eb380000,0x00000000eb380000)
  from space 8704K, 0% used [0x00000000ed880000,0x00000000ed880000,0x00000000ee100000)
  to   space 37888K, 0% used [0x00000000eb380000,0x00000000eb380000,0x00000000ed880000)
 ParOldGen       total 217088K, used 105687K [0x0000000081a00000, 0x000000008ee00000, 0x00000000d5e00000)
  object space 217088K, 48% used [0x0000000081a00000,0x0000000088135d18,0x000000008ee00000)
 Metaspace       used 26821K, capacity 27057K, committed 27392K, reserved 1073152K
  class space    used 3217K, capacity 3308K, committed 3328K, reserved 1048576K
Event: 21.103 GC heap after
Heap after GC invocations=24 (full 3):
 PSYoungGen      total 387584K, used 37858K [0x00000000d5e00000, 0x00000000f4f00000, 0x0000000100000000)
  eden space 349696K, 0% used [0x00000000d5e00000,0x00000000d5e00000,0x00000000eb380000)
  from space 37888K, 99% used [0x00000000eb380000,0x00000000ed878a60,0x00000000ed880000)
  to   space 58880K, 0% used [0x00000000f1580000,0x00000000f1580000,0x00000000f4f00000)
 ParOldGen       total 217088K, used 143250K [0x0000000081a00000, 0x000000008ee00000, 0x00000000d5e00000)
  object space 217088K, 65% used [0x0000000081a00000,0x000000008a5e4b70,0x000000008ee00000)
 Metaspace       used 26821K, capacity 27057K, committed 27392K, reserved 1073152K
  class space    used 3217K, capacity 3308K, committed 3328K, reserved 1048576K
}
Event: 23.398 GC heap before
{Heap before GC invocations=25 (full 3):
 PSYoungGen      total 387584K, used 387554K [0x00000000d5e00000, 0x00000000f4f00000, 0x0000000100000000)
  eden space 349696K, 100% used [0x00000000d5e00000,0x00000000eb380000,0x00000000eb380000)
  from space 37888K, 99% used [0x00000000eb380000,0x00000000ed878a60,0x00000000ed880000)
  to   space 58880K, 0% used [0x00000000f1580000,0x00000000f1580000,0x00000000f4f00000)
 ParOldGen       total 217088K, used 143250K [0x0000000081a00000, 0x000000008ee00000, 0x00000000d5e00000)
  object space 217088K, 65% used [0x0000000081a00000,0x000000008a5e4b70,0x000000008ee00000)
 Metaspace       used 28085K, capacity 28273K, committed 28672K, reserved 1075200K
  class space    used 3399K, capacity 3500K, committed 3584K, reserved 1048576K
Event: 23.444 GC heap after
Heap after GC invocations=25 (full 3):
 PSYoungGen      total 442880K, used 49695K [0x00000000d5e00000, 0x00000000f6180000, 0x0000000100000000)
  eden space 384000K, 0% used [0x00000000d5e00000,0x00000000d5e00000,0x00000000ed500000)
  from space 58880K, 84% used [0x00000000f1580000,0x00000000f4607ef8,0x00000000f4f00000)
  to   space 66048K, 0% used [0x00000000ed500000,0x00000000ed500000,0x00000000f1580000)
 ParOldGen       total 217088K, used 155838K [0x0000000081a00000, 0x000000008ee00000, 0x00000000d5e00000)
  object space 217088K, 71% used [0x0000000081a00000,0x000000008b22f998,0x000000008ee00000)
 Metaspace       used 28085K, capacity 28273K, committed 28672K, reserved 1075200K
  class space    used 3399K, capacity 3500K, committed 3584K, reserved 1048576K
}

Deoptimization events (10 events):
Event: 24.450 Thread 0x00000000030d7800 Uncommon trap: reason=unstable_if action=reinterpret pc=0x000000000367d5ac method=java.util.HashMap.getNode(ILjava/lang/Object;)Ljava/util/HashMap$Node; @ 84
Event: 24.450 Thread 0x00000000030d7800 Uncommon trap: reason=unstable_if action=reinterpret pc=0x000000000375a3e8 method=java.util.HashMap.putVal(ILjava/lang/Object;Ljava/lang/Object;ZZ)Ljava/lang/Object; @ 109
Event: 24.451 Thread 0x00000000030d7800 Uncommon trap: reason=unstable_if action=reinterpret pc=0x0000000003527f14 method=java.util.HashMap.getNode(ILjava/lang/Object;)Ljava/util/HashMap$Node; @ 84
Event: 24.506 Thread 0x00000000030d7800 Uncommon trap: reason=class_check action=maybe_recompile pc=0x0000000003b93368 method=java.util.Hashtable.put(Ljava/lang/Object;Ljava/lang/Object;)Ljava/lang/Object; @ 18
Event: 24.506 Thread 0x00000000030d7800 Uncommon trap: reason=class_check action=maybe_recompile pc=0x0000000003b93368 method=java.util.Hashtable.put(Ljava/lang/Object;Ljava/lang/Object;)Ljava/lang/Object; @ 18
Event: 24.509 Thread 0x00000000030d7800 Uncommon trap: reason=class_check action=maybe_recompile pc=0x0000000003b93368 method=java.util.Hashtable.put(Ljava/lang/Object;Ljava/lang/Object;)Ljava/lang/Object; @ 18
Event: 24.509 Thread 0x00000000030d7800 Uncommon trap: reason=class_check action=maybe_recompile pc=0x0000000003b93368 method=java.util.Hashtable.put(Ljava/lang/Object;Ljava/lang/Object;)Ljava/lang/Object; @ 18
Event: 24.665 Thread 0x00000000030d7800 Uncommon trap: reason=unstable_if action=reinterpret pc=0x0000000003b84470 method=org.objectweb.asm.Type.getArgumentsAndReturnSizes(Ljava/lang/String;)I @ 100
Event: 24.665 Thread 0x00000000030d7800 Uncommon trap: reason=unstable_if action=reinterpret pc=0x00000000035587b4 method=org.objectweb.asm.Type.getArgumentsAndReturnSizes(Ljava/lang/String;)I @ 100
Event: 24.675 Thread 0x000000001c107000 Uncommon trap: reason=unstable_if action=reinterpret pc=0x0000000003871cf4 method=java.lang.ThreadLocal.get()Ljava/lang/Object; @ 11

Classes redefined (0 events):
No events

Internal exceptions (10 events):
Event: 24.949 Thread 0x000000001c102800 Exception <a 'org/lwjgl/LWJGLException'> (0x00000000ea45de20) thrown at [C:\ade\jenkins\workspace\8-2-build-windows-amd64-cygwin\jdk8u241\331\hotspot\src\share\vm\prims\jni.cpp, line 710]
Event: 24.949 Thread 0x000000001c102800 Exception <a 'org/lwjgl/LWJGLException'> (0x00000000ea45e420) thrown at [C:\ade\jenkins\workspace\8-2-build-windows-amd64-cygwin\jdk8u241\331\hotspot\src\share\vm\prims\jni.cpp, line 710]
Event: 24.949 Thread 0x000000001c102800 Exception <a 'org/lwjgl/LWJGLException'> (0x00000000ea45ea80) thrown at [C:\ade\jenkins\workspace\8-2-build-windows-amd64-cygwin\jdk8u241\331\hotspot\src\share\vm\prims\jni.cpp, line 710]
Event: 24.949 Thread 0x000000001c102800 Exception <a 'org/lwjgl/LWJGLException'> (0x00000000ea45f080) thrown at [C:\ade\jenkins\workspace\8-2-build-windows-amd64-cygwin\jdk8u241\331\hotspot\src\share\vm\prims\jni.cpp, line 710]
Event: 24.949 Thread 0x000000001c102800 Exception <a 'org/lwjgl/LWJGLException'> (0x00000000ea45f688) thrown at [C:\ade\jenkins\workspace\8-2-build-windows-amd64-cygwin\jdk8u241\331\hotspot\src\share\vm\prims\jni.cpp, line 710]
Event: 24.950 Thread 0x000000001c102800 Exception <a 'org/lwjgl/LWJGLException'> (0x00000000ea45fc40) thrown at [C:\ade\jenkins\workspace\8-2-build-windows-amd64-cygwin\jdk8u241\331\hotspot\src\share\vm\prims\jni.cpp, line 710]
Event: 24.950 Thread 0x000000001c102800 Exception <a 'org/lwjgl/LWJGLException'> (0x00000000ea460260) thrown at [C:\ade\jenkins\workspace\8-2-build-windows-amd64-cygwin\jdk8u241\331\hotspot\src\share\vm\prims\jni.cpp, line 710]
Event: 24.950 Thread 0x000000001c102800 Exception <a 'org/lwjgl/LWJGLException'> (0x00000000ea460910) thrown at [C:\ade\jenkins\workspace\8-2-build-windows-amd64-cygwin\jdk8u241\331\hotspot\src\share\vm\prims\jni.cpp, line 710]
Event: 24.950 Thread 0x000000001c102800 Exception <a 'org/lwjgl/LWJGLException'> (0x00000000ea460fa0) thrown at [C:\ade\jenkins\workspace\8-2-build-windows-amd64-cygwin\jdk8u241\331\hotspot\src\share\vm\prims\jni.cpp, line 710]
Event: 24.951 Thread 0x000000001c102800 Exception <a 'org/lwjgl/LWJGLException'> (0x00000000ea461610) thrown at [C:\ade\jenkins\workspace\8-2-build-windows-amd64-cygwin\jdk8u241\331\hotspot\src\share\vm\prims\jni.cpp, line 710]

Events (10 events):
Event: 24.957 loading class org/lwjgl/openal/ALC10
Event: 24.957 loading class org/lwjgl/openal/ALC10 done
Event: 24.988 loading class org/lwjgl/openal/ALCdevice
Event: 24.988 loading class org/lwjgl/openal/ALCdevice done
Event: 24.990 loading class org/lwjgl/openal/ALCcontext
Event: 24.990 loading class org/lwjgl/openal/ALCcontext done
Event: 24.992 loading class org/lwjgl/openal/Util
Event: 24.992 loading class org/lwjgl/openal/Util done
Event: 24.994 loading class org/lwjgl/openal/OpenALException
Event: 24.994 loading class org/lwjgl/openal/OpenALException done


Dynamic libraries:
0x00007ff798750000 - 0x00007ff798787000 	C:\Program Files\Java\jdk1.8.0_241\bin\java.exe
0x00007ffbf3b90000 - 0x00007ffbf3d85000 	C:\WINDOWS\SYSTEM32\ntdll.dll
0x00007ffbf2250000 - 0x00007ffbf230d000 	C:\WINDOWS\System32\KERNEL32.DLL
0x00007ffbf1440000 - 0x00007ffbf1707000 	C:\WINDOWS\System32\KERNELBASE.dll
0x00007ffbedcb0000 - 0x00007ffbedd40000 	C:\WINDOWS\SYSTEM32\apphelp.dll
0x00007ffbf2bb0000 - 0x00007ffbf2c5a000 	C:\WINDOWS\System32\ADVAPI32.dll
0x00007ffbf2b10000 - 0x00007ffbf2bae000 	C:\WINDOWS\System32\msvcrt.dll
0x00007ffbf3070000 - 0x00007ffbf310b000 	C:\WINDOWS\System32\sechost.dll
0x00007ffbf29e0000 - 0x00007ffbf2b03000 	C:\WINDOWS\System32\RPCRT4.dll
0x00007ffbf2d00000 - 0x00007ffbf2ea0000 	C:\WINDOWS\System32\USER32.dll
0x00007ffbf1b50000 - 0x00007ffbf1b72000 	C:\WINDOWS\System32\win32u.dll
0x00007ffbf2220000 - 0x00007ffbf224a000 	C:\WINDOWS\System32\GDI32.dll
0x00007ffbf19e0000 - 0x00007ffbf1aea000 	C:\WINDOWS\System32\gdi32full.dll
0x00007ffbf1910000 - 0x00007ffbf19ad000 	C:\WINDOWS\System32\msvcp_win.dll
0x00007ffbf17c0000 - 0x00007ffbf18c0000 	C:\WINDOWS\System32\ucrtbase.dll
0x00007ffbd9950000 - 0x00007ffbd9bea000 	C:\WINDOWS\WinSxS\amd64_microsoft.windows.common-controls_6595b64144ccf1df_6.0.19041.1_none_b555e41d4684ddec\COMCTL32.dll
0x00007ffbf3360000 - 0x00007ffbf3390000 	C:\WINDOWS\System32\IMM32.DLL
0x00007ffbf0150000 - 0x00007ffbf0183000 	C:\WINDOWS\SYSTEM32\ntmarta.dll
0x00007ffbf11a0000 - 0x00007ffbf11d1000 	C:\WINDOWS\SYSTEM32\SspiCli.dll
0x000000006e620000 - 0x000000006e6f2000 	C:\Program Files\Java\jdk1.8.0_241\jre\bin\msvcr100.dll
0x000000006c220000 - 0x000000006cacc000 	C:\Program Files\Java\jdk1.8.0_241\jre\bin\server\jvm.dll
0x00007ffbf2310000 - 0x00007ffbf2318000 	C:\WINDOWS\System32\PSAPI.DLL
0x00007ffbd92c0000 - 0x00007ffbd92c9000 	C:\WINDOWS\SYSTEM32\WSOCK32.dll
0x00007ffbf3240000 - 0x00007ffbf32ab000 	C:\WINDOWS\System32\WS2_32.dll
0x00007ffbd6e40000 - 0x00007ffbd6e67000 	C:\WINDOWS\SYSTEM32\WINMM.dll
0x00007ffbec5c0000 - 0x00007ffbec5ca000 	C:\WINDOWS\SYSTEM32\VERSION.dll
0x00007ffbeb1d0000 - 0x00007ffbeb1df000 	C:\Program Files\Java\jdk1.8.0_241\jre\bin\verify.dll
0x00007ffbe7070000 - 0x00007ffbe7099000 	C:\Program Files\Java\jdk1.8.0_241\jre\bin\java.dll
0x00007ffbc9840000 - 0x00007ffbc9863000 	C:\Program Files\Java\jdk1.8.0_241\jre\bin\instrument.dll
0x00007ffbe06f0000 - 0x00007ffbe0706000 	C:\Program Files\Java\jdk1.8.0_241\jre\bin\zip.dll
0x00007ffbf3410000 - 0x00007ffbf3b50000 	C:\WINDOWS\System32\SHELL32.dll
0x00007ffbef090000 - 0x00007ffbef821000 	C:\WINDOWS\SYSTEM32\windows.storage.dll
0x00007ffbf2450000 - 0x00007ffbf27a3000 	C:\WINDOWS\System32\combase.dll
0x00007ffbf0c90000 - 0x00007ffbf0cbc000 	C:\WINDOWS\SYSTEM32\Wldp.dll
0x00007ffbf32b0000 - 0x00007ffbf335e000 	C:\WINDOWS\System32\SHCORE.dll
0x00007ffbf3390000 - 0x00007ffbf33e5000 	C:\WINDOWS\System32\shlwapi.dll
0x00007ffbf1220000 - 0x00007ffbf123f000 	C:\WINDOWS\SYSTEM32\profapi.dll
0x00007ffbd2b70000 - 0x00007ffbd2b8a000 	C:\Program Files\JetBrains\IntelliJ IDEA Community Edition 2017.3.7\bin\breakgen64.dll
0x00007ffbd27f0000 - 0x00007ffbd280a000 	C:\Program Files\Java\jdk1.8.0_241\jre\bin\net.dll
0x00007ffbf0a10000 - 0x00007ffbf0a7a000 	C:\WINDOWS\system32\mswsock.dll
0x00007ffbeb030000 - 0x00007ffbeb03d000 	C:\Program Files\Java\jdk1.8.0_241\jre\bin\management.dll
0x00007ffbc9820000 - 0x00007ffbc9832000 	C:\Program Files\Java\jdk1.8.0_241\jre\bin\nio.dll
0x00007ffbeba30000 - 0x00007ffbeba47000 	C:\WINDOWS\system32\napinsp.dll
0x00007ffbe7a60000 - 0x00007ffbe7a7b000 	C:\WINDOWS\system32\pnrpnsp.dll
0x00007ffbec4b0000 - 0x00007ffbec4c5000 	C:\WINDOWS\system32\wshbth.dll
0x00007ffbede30000 - 0x00007ffbede4d000 	C:\WINDOWS\system32\NLAapi.dll
0x00007ffbf0700000 - 0x00007ffbf073b000 	C:\WINDOWS\SYSTEM32\IPHLPAPI.DLL
0x00007ffbf0750000 - 0x00007ffbf081a000 	C:\WINDOWS\SYSTEM32\DNSAPI.dll
0x00007ffbf2c60000 - 0x00007ffbf2c69000 	C:\WINDOWS\System32\NSI.dll
0x00007ffbe7a40000 - 0x00007ffbe7a52000 	C:\WINDOWS\System32\winrnr.dll
0x00007ffbe8fe0000 - 0x00007ffbe8fea000 	C:\Windows\System32\rasadhlp.dll
0x00007ffbe0730000 - 0x00007ffbe07af000 	C:\WINDOWS\System32\fwpuclnt.dll
0x00007ffbf19b0000 - 0x00007ffbf19d7000 	C:\WINDOWS\System32\bcrypt.dll
0x0000000180000000 - 0x0000000180051000 	C:\Users\Austi\.gradle\caches\minecraft\net\minecraft\minecraft_natives\1.7.10\lwjgl64.dll
0x00007ffba9a00000 - 0x00007ffba9b5c000 	C:\WINDOWS\SYSTEM32\OPENGL32.dll
0x00007ffbbf180000 - 0x00007ffbbf1ac000 	C:\WINDOWS\SYSTEM32\GLU32.dll
0x00007ffbf0be0000 - 0x00007ffbf0bf8000 	C:\WINDOWS\SYSTEM32\CRYPTSP.dll
0x00007ffbf03a0000 - 0x00007ffbf03d4000 	C:\WINDOWS\system32\rsaenh.dll
0x00007ffbf11e0000 - 0x00007ffbf120e000 	C:\WINDOWS\SYSTEM32\USERENV.dll
0x00007ffbf1b80000 - 0x00007ffbf1bff000 	C:\WINDOWS\System32\bcryptprimitives.dll
0x00007ffbf0c00000 - 0x00007ffbf0c0c000 	C:\WINDOWS\SYSTEM32\CRYPTBASE.dll
0x00007ffbea640000 - 0x00007ffbea657000 	C:\WINDOWS\SYSTEM32\dhcpcsvc6.DLL
0x00007ffbea6a0000 - 0x00007ffbea6bd000 	C:\WINDOWS\SYSTEM32\dhcpcsvc.DLL
0x00007ffba0dd0000 - 0x00007ffba0f6a000 	C:\Program Files\Java\jdk1.8.0_241\jre\bin\awt.dll
0x00007ffbf3110000 - 0x00007ffbf31dd000 	C:\WINDOWS\System32\OLEAUT32.dll
0x00007ffbec0d0000 - 0x00007ffbec17e000 	C:\WINDOWS\SYSTEM32\mscms.dll
0x00007ffbec060000 - 0x00007ffbec071000 	C:\WINDOWS\SYSTEM32\ColorAdapterClient.dll
0x00007ffbeffe0000 - 0x00007ffbefff3000 	C:\WINDOWS\SYSTEM32\kernel.appcore.dll
0x00007ffbe3320000 - 0x00007ffbe3363000 	C:\Windows\System32\Windows.Internal.Graphics.Display.DisplayColorManagement.dll
0x00007ffbf18c0000 - 0x00007ffbf190d000 	C:\WINDOWS\System32\cfgmgr32.dll
0x00007ffbee580000 - 0x00007ffbee61f000 	C:\WINDOWS\system32\uxtheme.dll
0x00007ffbf2860000 - 0x00007ffbf2975000 	C:\WINDOWS\System32\MSCTF.dll
0x00007ffb84480000 - 0x00007ffb85484000 	C:\Windows\System32\DriverStore\FileRepository\iigd_dch.inf_amd64_b261b2ab559fdee8\ig9icd64.dll
0x00007ffbee7e0000 - 0x00007ffbee80f000 	C:\WINDOWS\SYSTEM32\dwmapi.dll
0x00007ffbefc20000 - 0x00007ffbefd13000 	C:\WINDOWS\system32\dxgi.dll
0x00007ffbe06b0000 - 0x00007ffbe06eb000 	C:\WINDOWS\SYSTEM32\dxcore.dll
0x00007ffbe5870000 - 0x00007ffbe596c000 	C:\WINDOWS\SYSTEM32\textinputframework.dll
0x00007ffbed4a0000 - 0x00007ffbed7fa000 	C:\WINDOWS\System32\CoreUIComponents.dll
0x00007ffbeb8f0000 - 0x00007ffbeb9e2000 	C:\WINDOWS\System32\CoreMessaging.dll
0x00007ffbec2c0000 - 0x00007ffbec416000 	C:\WINDOWS\SYSTEM32\wintypes.dll
0x00007ffbc82e0000 - 0x00007ffbc8323000 	C:\WINDOWS\SYSTEM32\icm32.dll
0x00007ffbdef50000 - 0x00007ffbdf070000 	C:\Windows\System32\DriverStore\FileRepository\iigd_dch.inf_amd64_b261b2ab559fdee8\igdgmm64.dll
0x00007ffbdcbf0000 - 0x00007ffbdef50000 	C:\Windows\System32\DriverStore\FileRepository\iigd_dch.inf_amd64_b261b2ab559fdee8\igc64.dll
0x00007ffbf2320000 - 0x00007ffbf2449000 	C:\WINDOWS\System32\ole32.dll
0x00007ffbf10a0000 - 0x00007ffbf10eb000 	C:\WINDOWS\SYSTEM32\powrprof.dll
0x00007ffbf1080000 - 0x00007ffbf1092000 	C:\WINDOWS\SYSTEM32\UMPDC.dll
0x0000000070a40000 - 0x0000000070adc000 	C:\Users\Austi\.gradle\caches\minecraft\net\minecraft\minecraft_natives\1.7.10\avutil-ttv-51.dll
0x0000000065980000 - 0x00000000659d6000 	C:\Users\Austi\.gradle\caches\minecraft\net\minecraft\minecraft_natives\1.7.10\swresample-ttv-0.dll
0x000000006eb80000 - 0x000000006ec50000 	C:\Users\Austi\.gradle\caches\minecraft\net\minecraft\minecraft_natives\1.7.10\libmp3lame-ttv.dll
0x00007ffb6ce50000 - 0x00007ffb6e1f4000 	C:\Users\Austi\.gradle\caches\minecraft\net\minecraft\minecraft_natives\1.7.10\libmfxsw64.dll
0x00007ffb9a050000 - 0x00007ffb9a17b000 	C:\Users\Austi\.gradle\caches\minecraft\net\minecraft\minecraft_natives\1.7.10\twitchsdk.dll
0x00007ffbd3e90000 - 0x00007ffbd436a000 	C:\WINDOWS\SYSTEM32\WININET.dll
0x000000003dd40000 - 0x000000003dda4000 	C:\Users\Austi\.gradle\caches\minecraft\net\minecraft\minecraft_natives\1.7.10\OpenAL64.dll
0x00007ffbe8ff0000 - 0x00007ffbe9075000 	C:\WINDOWS\System32\MMDevApi.dll
0x00007ffbf1030000 - 0x00007ffbf105c000 	C:\WINDOWS\System32\DEVOBJ.dll
0x00007ffb75680000 - 0x00007ffb7571c000 	C:\WINDOWS\SYSTEM32\dsound.dll
0x00007ffbb9020000 - 0x00007ffbb9046000 	C:\WINDOWS\SYSTEM32\winmmbase.dll
0x00007ffbe90b0000 - 0x00007ffbe9230000 	C:\WINDOWS\SYSTEM32\AUDIOSES.DLL
0x00007ffbef900000 - 0x00007ffbefae4000 	C:\WINDOWS\SYSTEM32\dbghelp.dll

VM Arguments:
jvm_args: -javaagent:C:\Program Files\JetBrains\IntelliJ IDEA Community Edition 2017.3.7\lib\idea_rt.jar=54802:C:\Program Files\JetBrains\IntelliJ IDEA Community Edition 2017.3.7\bin -Dfile.encoding=UTF-8 
java_command: GradleStart
java_class_path (initial): C:\Program Files\Java\jdk1.8.0_241\jre\lib\charsets.jar;C:\Program Files\Java\jdk1.8.0_241\jre\lib\deploy.jar;C:\Program Files\Java\jdk1.8.0_241\jre\lib\ext\access-bridge-64.jar;C:\Program Files\Java\jdk1.8.0_241\jre\lib\ext\cldrdata.jar;C:\Program Files\Java\jdk1.8.0_241\jre\lib\ext\dnsns.jar;C:\Program Files\Java\jdk1.8.0_241\jre\lib\ext\jaccess.jar;C:\Program Files\Java\jdk1.8.0_241\jre\lib\ext\jfxrt.jar;C:\Program Files\Java\jdk1.8.0_241\jre\lib\ext\localedata.jar;C:\Program Files\Java\jdk1.8.0_241\jre\lib\ext\nashorn.jar;C:\Program Files\Java\jdk1.8.0_241\jre\lib\ext\sunec.jar;C:\Program Files\Java\jdk1.8.0_241\jre\lib\ext\sunjce_provider.jar;C:\Program Files\Java\jdk1.8.0_241\jre\lib\ext\sunmscapi.jar;C:\Program Files\Java\jdk1.8.0_241\jre\lib\ext\sunpkcs11.jar;C:\Program Files\Java\jdk1.8.0_241\jre\lib\ext\zipfs.jar;C:\Program Files\Java\jdk1.8.0_241\jre\lib\javaws.jar;C:\Program Files\Java\jdk1.8.0_241\jre\lib\jce.jar;C:\Program Files\Java\jdk1.8.0_241\jre\lib\jfr.jar;C:\Program Files\Java\jdk1.8.0_241\jre\lib\jfxswt.jar;C:\Program Files\Java\jdk1.8.0_241\jre\lib\jsse.jar;C:\Program Files\Java\jdk1.8.0_241\jre\lib\management-agent.jar;C:\Program Files\Java\jdk1.8.0_241\jre\lib\plugin.jar;C:\Program Files\Java\jdk1.8.0_241\jre\lib\resources.jar;C:\Program Files\Java\jdk1.8.0_241\jre\lib\rt.jar;C:\Users\Austi\Desktop\UmU\out\production\UmU_main;C:\Users\Austi\Desktop\UmU\lib\CodeChickenCore-1.7.10-1.0.4.29-dev.jar;C:\Users\Austi\.gradle\caches\minecraft\net\minecraftforge\forge\1.7.10-10.13.4.1614-1.7.10\forgeSrc-1.7.10-10.13.4.1614-1.7.10.jar;C:\Users\Austi\.gradle\caches\modules-2\files-2.1\net.minecraft\launchwrapper\1.12\111e7bea9c968cdb3d06ef4632bf7ff0824d0f36\launchwrapper-1.12.jar;C:\Users\Austi\.gradle\caches\modules-2\files-2.1\com.google.code.findbugs\jsr305\1.3.9\40719ea6961c0cb6afaeb6a921eaa1f6afd4cfdf\jsr305-1.3.9.jar;C:\Users\Austi\.gradle\caches\minecraft\net\minecraftforge\forge\1.7.10-10.13.4.1614-1.7.10\start;C:\U
Launcher Type: SUN_STANDARD

Environment Variables:
PATH=C:\Program Files (x86)\Google\Chrome\Application;C:\windows\system32;C:\windows;C:\windows\System32\Wbem;C:\windows\System32\WindowsPowerShell\v1.0\;C:\windows\System32\OpenSSH\;C:\Program Files (x86)\Intel\Intel(R) Management Engine Components\DAL;C:\Program Files\Intel\Intel(R) Management Engine Components\DAL;C:\Program Files (x86)\NVIDIA Corporation\PhysX\Common;C:\Program Files\NVIDIA Corporation\NVIDIA NvDLISR;C:\WINDOWS\system32;C:\WINDOWS;C:\WINDOWS\System32\Wbem;C:\WINDOWS\System32\WindowsPowerShell\v1.0\;C:\WINDOWS\System32\OpenSSH\;C:\ProgramData\Oracle\Java\javapath;C:\Program Files\nodejs\;C:\Program Files\dotnet\;C:\Users\Austi\AppData\Local\Microsoft\WindowsApps;C:\Users\Austi\AppData\Roaming\npm;C:\Users\Austi\AppData\Local\Programs\Microsoft VS Code\bin
USERNAME=Austi
OS=Windows_NT
PROCESSOR_IDENTIFIER=Intel64 Family 6 Model 158 Stepping 10, GenuineIntel



---------------  S Y S T E M  ---------------

OS: Windows 10.0 , 64 bit Build 19041 (10.0.19041.292)

CPU:total 8 (initial active 8) (4 cores per cpu, 2 threads per core) family 6 model 158 stepping 10, cmov, cx8, fxsr, mmx, sse, sse2, sse3, ssse3, sse4.1, sse4.2, popcnt, avx, avx2, aes, clmul, erms, 3dnowpref, lzcnt, ht, tsc, tscinvbit, bmi1, bmi2, adx

Memory: 4k page, physical 8275188k(929476k free), swap 24008520k(3728088k free)

vm_info: Java HotSpot(TM) 64-Bit Server VM (25.241-b07) for windows-amd64 JRE (1.8.0_241-b07), built on Dec 11 2019 10:21:40 by "rejava" with MS VC++ 10.0 (VS2010)

time: Fri Sep 04 16:45:26 2020
timezone: Mountain Daylight Time
elapsed time: 25 seconds (0d 0h 0m 25s)

